<?xml version="1.0" encoding="UTF-8"?>
<coverage generated="1690724091880" clover="3.2.0">
  <project timestamp="1690724091881" name="All files">
    <metrics statements="45" coveredstatements="37" conditionals="31" coveredconditionals="30" methods="9" coveredmethods="8" elements="85" coveredelements="75" complexity="0" loc="45" ncloc="45" packages="1" files="1" classes="1"/>
    <file name="main.js" path="/Users/sergiog/Desktop/Bootcamp/WEEK2/Chllng Weekend/main.js">
      <metrics statements="45" coveredstatements="37" conditionals="31" coveredconditionals="30" methods="9" coveredmethods="8"/>
      <line num="2" count="4" type="stmt"/>
      <line num="3" count="4" type="stmt"/>
      <line num="4" count="4" type="stmt"/>
      <line num="5" count="4" type="stmt"/>
      <line num="6" count="369" type="cond" truecount="2" falsecount="0"/>
      <line num="7" count="37" type="stmt"/>
      <line num="8" count="37" type="stmt"/>
      <line num="11" count="369" type="stmt"/>
      <line num="13" count="369" type="stmt"/>
      <line num="18" count="369" type="stmt"/>
      <line num="21" count="4" type="stmt"/>
      <line num="25" count="1" type="stmt"/>
      <line num="26" count="16" type="stmt"/>
      <line num="27" count="1" type="stmt"/>
      <line num="28" count="16" type="stmt"/>
      <line num="29" count="16" type="cond" truecount="2" falsecount="0"/>
      <line num="30" count="4" type="stmt"/>
      <line num="31" count="4" type="stmt"/>
      <line num="37" count="1" type="stmt"/>
      <line num="39" count="1" type="stmt"/>
      <line num="40" count="16" type="stmt"/>
      <line num="42" count="256" type="cond" truecount="17" falsecount="0"/>
      <line num="61" count="16" type="cond" truecount="2" falsecount="0"/>
      <line num="62" count="10" type="cond" truecount="4" falsecount="0"/>
      <line num="63" count="4" type="stmt"/>
      <line num="65" count="6" type="stmt"/>
      <line num="67" count="6" type="cond" truecount="2" falsecount="0"/>
      <line num="68" count="3" type="stmt"/>
      <line num="70" count="3" type="stmt"/>
      <line num="73" count="16" type="stmt"/>
      <line num="80" count="1" type="stmt"/>
      <line num="83" count="1" type="stmt"/>
      <line num="84" count="1" type="stmt"/>
      <line num="85" count="1" type="stmt"/>
      <line num="86" count="1" type="stmt"/>
      <line num="87" count="0" type="stmt"/>
      <line num="88" count="0" type="stmt"/>
      <line num="89" count="0" type="stmt"/>
      <line num="90" count="0" type="stmt"/>
      <line num="91" count="0" type="stmt"/>
      <line num="92" count="0" type="stmt"/>
      <line num="94" count="0" type="stmt"/>
      <line num="96" count="1" type="cond" truecount="1" falsecount="1"/>
      <line num="97" count="0" type="stmt"/>
      <line num="101" count="1" type="stmt"/>
    </file>
  </project>
</coverage>
