{"/Users/sergiog/Desktop/Bootcamp/WEEK2/Chllng Weekend/main.js": {"path":"/Users/sergiog/Desktop/Bootcamp/WEEK2/Chllng Weekend/main.js","statementMap":{"0":{"start":{"line":2,"column":16},"end":{"line":2,"column":18}},"1":{"start":{"line":3,"column":12},"end":{"line":3,"column":13}},"2":{"start":{"line":4,"column":15},"end":{"line":4,"column":16}},"3":{"start":{"line":5,"column":2},"end":{"line":19,"column":3}},"4":{"start":{"line":5,"column":15},"end":{"line":5,"column":16}},"5":{"start":{"line":6,"column":4},"end":{"line":9,"column":5}},"6":{"start":{"line":7,"column":6},"end":{"line":7,"column":12}},"7":{"start":{"line":8,"column":6},"end":{"line":8,"column":17}},"8":{"start":{"line":11,"column":4},"end":{"line":11,"column":13}},"9":{"start":{"line":13,"column":16},"end":{"line":17,"column":5}},"10":{"start":{"line":18,"column":4},"end":{"line":18,"column":20}},"11":{"start":{"line":21,"column":2},"end":{"line":21,"column":15}},"12":{"start":{"line":25,"column":12},"end":{"line":25,"column":14}},"13":{"start":{"line":26,"column":20},"end":{"line":26,"column":63}},"14":{"start":{"line":26,"column":42},"end":{"line":26,"column":55}},"15":{"start":{"line":27,"column":2},"end":{"line":33,"column":5}},"16":{"start":{"line":28,"column":4},"end":{"line":28,"column":25}},"17":{"start":{"line":29,"column":4},"end":{"line":32,"column":5}},"18":{"start":{"line":30,"column":6},"end":{"line":30,"column":33}},"19":{"start":{"line":31,"column":6},"end":{"line":31,"column":15}},"20":{"start":{"line":37,"column":15},"end":{"line":37,"column":17}},"21":{"start":{"line":39,"column":2},"end":{"line":78,"column":5}},"22":{"start":{"line":40,"column":4},"end":{"line":59,"column":13}},"23":{"start":{"line":42,"column":8},"end":{"line":58,"column":57}},"24":{"start":{"line":61,"column":4},"end":{"line":71,"column":5}},"25":{"start":{"line":62,"column":6},"end":{"line":66,"column":7}},"26":{"start":{"line":63,"column":8},"end":{"line":63,"column":23}},"27":{"start":{"line":65,"column":8},"end":{"line":65,"column":23}},"28":{"start":{"line":67,"column":11},"end":{"line":71,"column":5}},"29":{"start":{"line":68,"column":6},"end":{"line":68,"column":21}},"30":{"start":{"line":70,"column":6},"end":{"line":70,"column":21}},"31":{"start":{"line":73,"column":4},"end":{"line":77,"column":6}},"32":{"start":{"line":80,"column":2},"end":{"line":80,"column":16}},"33":{"start":{"line":83,"column":17},"end":{"line":99,"column":1}},"34":{"start":{"line":84,"column":17},"end":{"line":84,"column":36}},"35":{"start":{"line":85,"column":14},"end":{"line":85,"column":15}},"36":{"start":{"line":86,"column":21},"end":{"line":95,"column":10}},"37":{"start":{"line":87,"column":4},"end":{"line":87,"column":12}},"38":{"start":{"line":88,"column":4},"end":{"line":88,"column":24}},"39":{"start":{"line":89,"column":4},"end":{"line":89,"column":21}},"40":{"start":{"line":90,"column":28},"end":{"line":90,"column":46}},"41":{"start":{"line":91,"column":4},"end":{"line":91,"column":31}},"42":{"start":{"line":92,"column":4},"end":{"line":92,"column":21}},"43":{"start":{"line":94,"column":4},"end":{"line":94,"column":41}},"44":{"start":{"line":96,"column":2},"end":{"line":98,"column":3}},"45":{"start":{"line":97,"column":4},"end":{"line":97,"column":30}},"46":{"start":{"line":101,"column":0},"end":{"line":101,"column":11}}},"fnMap":{"0":{"name":"generateArray","decl":{"start":{"line":1,"column":16},"end":{"line":1,"column":29}},"loc":{"start":{"line":1,"column":45},"end":{"line":22,"column":1}},"line":1},"1":{"name":"showBoard","decl":{"start":{"line":24,"column":16},"end":{"line":24,"column":25}},"loc":{"start":{"line":24,"column":33},"end":{"line":34,"column":1}},"line":24},"2":{"name":"(anonymous_2)","decl":{"start":{"line":26,"column":33},"end":{"line":26,"column":34}},"loc":{"start":{"line":26,"column":42},"end":{"line":26,"column":55}},"line":26},"3":{"name":"(anonymous_3)","decl":{"start":{"line":27,"column":16},"end":{"line":27,"column":17}},"loc":{"start":{"line":27,"column":25},"end":{"line":33,"column":3}},"line":27},"4":{"name":"playTurn","decl":{"start":{"line":36,"column":16},"end":{"line":36,"column":24}},"loc":{"start":{"line":36,"column":32},"end":{"line":81,"column":1}},"line":36},"5":{"name":"(anonymous_5)","decl":{"start":{"line":39,"column":21},"end":{"line":39,"column":22}},"loc":{"start":{"line":39,"column":37},"end":{"line":78,"column":3}},"line":39},"6":{"name":"(anonymous_6)","decl":{"start":{"line":41,"column":6},"end":{"line":41,"column":7}},"loc":{"start":{"line":42,"column":8},"end":{"line":58,"column":57}},"line":42},"7":{"name":"(anonymous_7)","decl":{"start":{"line":83,"column":17},"end":{"line":83,"column":18}},"loc":{"start":{"line":83,"column":23},"end":{"line":99,"column":1}},"line":83},"8":{"name":"(anonymous_8)","decl":{"start":{"line":86,"column":33},"end":{"line":86,"column":34}},"loc":{"start":{"line":86,"column":39},"end":{"line":95,"column":3}},"line":86}},"branchMap":{"0":{"loc":{"start":{"line":6,"column":4},"end":{"line":9,"column":5}},"type":"if","locations":[{"start":{"line":6,"column":4},"end":{"line":9,"column":5}},{"start":{},"end":{}}],"line":6},"1":{"loc":{"start":{"line":29,"column":4},"end":{"line":32,"column":5}},"type":"if","locations":[{"start":{"line":29,"column":4},"end":{"line":32,"column":5}},{"start":{},"end":{}}],"line":29},"2":{"loc":{"start":{"line":42,"column":8},"end":{"line":58,"column":57}},"type":"binary-expr","locations":[{"start":{"line":42,"column":8},"end":{"line":42,"column":31}},{"start":{"line":43,"column":10},"end":{"line":43,"column":47}},{"start":{"line":44,"column":10},"end":{"line":44,"column":53}},{"start":{"line":45,"column":11},"end":{"line":45,"column":48}},{"start":{"line":46,"column":12},"end":{"line":46,"column":51}},{"start":{"line":47,"column":11},"end":{"line":47,"column":48}},{"start":{"line":48,"column":12},"end":{"line":48,"column":55}},{"start":{"line":49,"column":11},"end":{"line":49,"column":48}},{"start":{"line":50,"column":12},"end":{"line":50,"column":55}},{"start":{"line":51,"column":11},"end":{"line":51,"column":48}},{"start":{"line":52,"column":12},"end":{"line":52,"column":51}},{"start":{"line":53,"column":11},"end":{"line":53,"column":48}},{"start":{"line":54,"column":12},"end":{"line":54,"column":55}},{"start":{"line":55,"column":11},"end":{"line":55,"column":44}},{"start":{"line":56,"column":12},"end":{"line":56,"column":55}},{"start":{"line":57,"column":11},"end":{"line":57,"column":44}},{"start":{"line":58,"column":12},"end":{"line":58,"column":55}}],"line":42},"3":{"loc":{"start":{"line":61,"column":4},"end":{"line":71,"column":5}},"type":"if","locations":[{"start":{"line":61,"column":4},"end":{"line":71,"column":5}},{"start":{"line":67,"column":11},"end":{"line":71,"column":5}}],"line":61},"4":{"loc":{"start":{"line":62,"column":6},"end":{"line":66,"column":7}},"type":"if","locations":[{"start":{"line":62,"column":6},"end":{"line":66,"column":7}},{"start":{"line":64,"column":13},"end":{"line":66,"column":7}}],"line":62},"5":{"loc":{"start":{"line":62,"column":10},"end":{"line":62,"column":48}},"type":"binary-expr","locations":[{"start":{"line":62,"column":10},"end":{"line":62,"column":27}},{"start":{"line":62,"column":31},"end":{"line":62,"column":48}}],"line":62},"6":{"loc":{"start":{"line":67,"column":11},"end":{"line":71,"column":5}},"type":"if","locations":[{"start":{"line":67,"column":11},"end":{"line":71,"column":5}},{"start":{"line":69,"column":11},"end":{"line":71,"column":5}}],"line":67},"7":{"loc":{"start":{"line":96,"column":2},"end":{"line":98,"column":3}},"type":"if","locations":[{"start":{"line":96,"column":2},"end":{"line":98,"column":3}},{"start":{},"end":{}}],"line":96}},"s":{"0":4,"1":4,"2":4,"3":4,"4":4,"5":369,"6":37,"7":37,"8":369,"9":369,"10":369,"11":4,"12":1,"13":1,"14":16,"15":1,"16":16,"17":16,"18":4,"19":4,"20":1,"21":1,"22":16,"23":256,"24":16,"25":10,"26":4,"27":6,"28":6,"29":3,"30":3,"31":16,"32":1,"33":1,"34":1,"35":1,"36":1,"37":0,"38":0,"39":0,"40":0,"41":0,"42":0,"43":0,"44":1,"45":0,"46":1},"f":{"0":4,"1":1,"2":16,"3":16,"4":1,"5":16,"6":256,"7":1,"8":0},"b":{"0":[37,332],"1":[4,12],"2":[256,160,32,154,26,146,18,140,32,135,27,127,19,121,40,114,33],"3":[10,6],"4":[4,6],"5":[10,10],"6":[3,3],"7":[0,1]},"_coverageSchema":"1a1c01bbd47fc00a2c39e90264f33305004495a9","hash":"deb40749bcaa93ea988b66935091653721a8eef4"}
}
