TN:
SF:main.js
FN:1,generateArray
FN:24,showBoard
FN:26,(anonymous_2)
FN:27,(anonymous_3)
FN:36,playTurn
FN:39,(anonymous_5)
FN:41,(anonymous_6)
FN:83,(anonymous_7)
FN:86,(anonymous_8)
FNF:9
FNH:8
FNDA:4,generateArray
FNDA:1,showBoard
FNDA:16,(anonymous_2)
FNDA:16,(anonymous_3)
FNDA:1,playTurn
FNDA:16,(anonymous_5)
FNDA:256,(anonymous_6)
FNDA:1,(anonymous_7)
FNDA:0,(anonymous_8)
DA:2,4
DA:3,4
DA:4,4
DA:5,4
DA:6,369
DA:7,37
DA:8,37
DA:11,369
DA:13,369
DA:18,369
DA:21,4
DA:25,1
DA:26,16
DA:27,1
DA:28,16
DA:29,16
DA:30,4
DA:31,4
DA:37,1
DA:39,1
DA:40,16
DA:42,256
DA:61,16
DA:62,10
DA:63,4
DA:65,6
DA:67,6
DA:68,3
DA:70,3
DA:73,16
DA:80,1
DA:83,1
DA:84,1
DA:85,1
DA:86,1
DA:87,0
DA:88,0
DA:89,0
DA:90,0
DA:91,0
DA:92,0
DA:94,0
DA:96,1
DA:97,0
DA:101,1
LF:45
LH:37
BRDA:6,0,0,37
BRDA:6,0,1,332
BRDA:29,1,0,4
BRDA:29,1,1,12
BRDA:42,2,0,256
BRDA:42,2,1,160
BRDA:42,2,2,32
BRDA:42,2,3,154
BRDA:42,2,4,26
BRDA:42,2,5,146
BRDA:42,2,6,18
BRDA:42,2,7,140
BRDA:42,2,8,32
BRDA:42,2,9,135
BRDA:42,2,10,27
BRDA:42,2,11,127
BRDA:42,2,12,19
BRDA:42,2,13,121
BRDA:42,2,14,40
BRDA:42,2,15,114
BRDA:42,2,16,33
BRDA:61,3,0,10
BRDA:61,3,1,6
BRDA:62,4,0,4
BRDA:62,4,1,6
BRDA:62,5,0,10
BRDA:62,5,1,10
BRDA:67,6,0,3
BRDA:67,6,1,3
BRDA:96,7,0,0
BRDA:96,7,1,1
BRF:31
BRH:30
end_of_record
